[33m[01m[05m[ You are changing the branch: lab1-1-Extra ][0m
Autotest: Begin at Thu Mar 24 14:58:16 CST 2022
[32m[ readelf.c found ][0m
rm -rf *.o
rm readelf
rm: cannot remove 'readelf': No such file or directory
make: *** [Makefile:16: clean] Error 1
gcc -I./ -c main.c
gcc -I./ -c readelf.c
gcc main.o readelf.o -o readelf
[32m[ We have successfully compiled your files! ][0m
[35m[ PASSED:0 ][0m
[35m[ TOTAL:1 ][0m
[31m[01m[ You have not passed Conflict and Overlay testElf testcase 1/3. Please check your readelf.c. Pay attention to the output format. ][0m
[35m[ PASSED:0 ][0m
[35m[ TOTAL:1 ][0m
[31m[01m[ You have not passed Conflict and Overlay testElf testcase 2/3. Please check your readelf.c. Pay attention to the output format. ][0m
[35m[ PASSED:0 ][0m
[35m[ TOTAL:2 ][0m
[31m[01m[ You have not passed Conflict and Overlay testElf testcase 3/3. Please check your readelf.c. Pay attention to the output format. ][0m
[33m[01m[ You got 10 (of 100) this time. Thu Mar 24 14:58:18 CST 2022 ][0m
Autotest: End at Thu Mar 24 14:58:18 CST 2022
