[33m[01m[05m[ You are changing the branch: lab1-2-exam ][0m
Autotest: Begin at Thu Mar 31 14:19:35 CST 2022
Begin build at Thu Mar 31 14:19:35 CST 2022
Cleanning the project.................

for d in boot drivers init lib ;	\
	do					\
		make --directory=$d clean; \
	done; \
rm -rf *.o *~ gxemul/vmlinux
make[1]: Entering directory '/usr/src/workdir/boot'
rm -rf *~ *.o
make[1]: Leaving directory '/usr/src/workdir/boot'
make[1]: Entering directory '/usr/src/workdir/drivers'
for d in gxconsole; \
	do				\
		make --directory=$d clean; \
	done
make[2]: Entering directory '/usr/src/workdir/drivers/gxconsole'
rm -rf *.o *~
make[2]: Leaving directory '/usr/src/workdir/drivers/gxconsole'
make[1]: Leaving directory '/usr/src/workdir/drivers'
make[1]: Entering directory '/usr/src/workdir/init'
rm -rf *~ *.o
make[1]: Leaving directory '/usr/src/workdir/init'
make[1]: Entering directory '/usr/src/workdir/lib'
rm -rf *~ *.o
make[1]: Leaving directory '/usr/src/workdir/lib'

Building the project..................

make --directory=boot
make[1]: Entering directory '/usr/src/workdir/boot'
/OSLAB/compiler/usr/bin/mips_4KC-gcc -O -G 0 -mno-abicalls -fno-builtin -Wa,-xgot -Wall -fPIC -march=r3000 -I../include/ -c start.S 
make[1]: Leaving directory '/usr/src/workdir/boot'
make --directory=drivers
make[1]: Entering directory '/usr/src/workdir/drivers'
make --directory=gxconsole
make[2]: Entering directory '/usr/src/workdir/drivers/gxconsole'
/OSLAB/compiler/usr/bin/mips_4KC-gcc -O -G 0 -mno-abicalls -fno-builtin -Wa,-xgot -Wall -fPIC -march=r3000   -c -o console.o console.c
make[2]: Leaving directory '/usr/src/workdir/drivers/gxconsole'
make[1]: Leaving directory '/usr/src/workdir/drivers'
make --directory=init
make[1]: Entering directory '/usr/src/workdir/init'
/OSLAB/compiler/usr/bin/mips_4KC-gcc -DFTEST=exerciseTest -O -G 0 -mno-abicalls -fno-builtin -Wa,-xgot -Wall -fPIC -march=r3000 -I../include -c init.c
init.c: In function 'mips_init':
init.c:17: warning: implicit declaration of function 'exerciseTest'
/OSLAB/compiler/usr/bin/mips_4KC-gcc -DFTEST=exerciseTest -O -G 0 -mno-abicalls -fno-builtin -Wa,-xgot -Wall -fPIC -march=r3000 -I../include -c main.c
make[1]: Leaving directory '/usr/src/workdir/init'
make --directory=lib
make[1]: Entering directory '/usr/src/workdir/lib'
/OSLAB/compiler/usr/bin/mips_4KC-gcc -O -G 0 -mno-abicalls -fno-builtin -Wa,-xgot -Wall -fPIC -march=r3000 -I./ -I../ -I../include/ -c print.c
print.c:1: error: parse error before '.' token
In file included from ../include/print.h:15,
                 from print.c:12:
/OSLAB/compiler/usr/bin/../lib/gcc/mips-linux/4.0.0/include/stdarg.h:105: error: parse error before 'va_list'
In file included from print.c:12:
../include/print.h:34: error: parse error before 'va_list'
print.c:29: error: 'SIZE_C' undeclared here (not in a function)
print.c:38: error: parse error before 'va_list'
print.c: In function 'lp_Print':
print.c:75: error: 'fmt' undeclared (first use in this function)
print.c:75: error: (Each undeclared identifier is reported only once
print.c:75: error: for each function it appears in.)
print.c:84: error: 'output' undeclared (first use in this function)
print.c:84: error: 'arg' undeclared (first use in this function)
print.c:100: warning: value computed is not used
print.c:102: warning: value computed is not used
print.c:104: warning: left-hand operand of comma expression has no effect
print.c:104: warning: statement with no effect
print.c:109: warning: left-hand operand of comma expression has no effect
print.c:109: warning: statement with no effect
print.c:114: warning: value computed is not used
print.c:125: error: 'ap' undeclared (first use in this function)
make[1]: *** [Makefile:3: print.o] Error 1
make[1]: Leaving directory '/usr/src/workdir/lib'
make: *** [Makefile:38: lib] Error 2

End build at Thu Mar 31 14:19:37 CST 2022
[35m[ PASSED:0 ][0m
[35m[ TOTAL:22 ][0m
[31m[01m[ Sorry, you haven't passed all testcases of exercise printf. ][0m
Begin build at Thu Mar 31 14:19:37 CST 2022
Cleanning the project.................

for d in boot drivers init lib ;	\
	do					\
		make --directory=$d clean; \
	done; \
rm -rf *.o *~ gxemul/vmlinux
make[1]: Entering directory '/usr/src/workdir/boot'
rm -rf *~ *.o
make[1]: Leaving directory '/usr/src/workdir/boot'
make[1]: Entering directory '/usr/src/workdir/drivers'
for d in gxconsole; \
	do				\
		make --directory=$d clean; \
	done
make[2]: Entering directory '/usr/src/workdir/drivers/gxconsole'
rm -rf *.o *~
make[2]: Leaving directory '/usr/src/workdir/drivers/gxconsole'
make[1]: Leaving directory '/usr/src/workdir/drivers'
make[1]: Entering directory '/usr/src/workdir/init'
rm -rf *~ *.o
make[1]: Leaving directory '/usr/src/workdir/init'
make[1]: Entering directory '/usr/src/workdir/lib'
rm -rf *~ *.o
make[1]: Leaving directory '/usr/src/workdir/lib'

Building the project..................

make --directory=boot
make[1]: Entering directory '/usr/src/workdir/boot'
/OSLAB/compiler/usr/bin/mips_4KC-gcc -O -G 0 -mno-abicalls -fno-builtin -Wa,-xgot -Wall -fPIC -march=r3000 -I../include/ -c start.S 
make[1]: Leaving directory '/usr/src/workdir/boot'
make --directory=drivers
make[1]: Entering directory '/usr/src/workdir/drivers'
make --directory=gxconsole
make[2]: Entering directory '/usr/src/workdir/drivers/gxconsole'
/OSLAB/compiler/usr/bin/mips_4KC-gcc -O -G 0 -mno-abicalls -fno-builtin -Wa,-xgot -Wall -fPIC -march=r3000   -c -o console.o console.c
make[2]: Leaving directory '/usr/src/workdir/drivers/gxconsole'
make[1]: Leaving directory '/usr/src/workdir/drivers'
make --directory=init
make[1]: Entering directory '/usr/src/workdir/init'
/OSLAB/compiler/usr/bin/mips_4KC-gcc -DFTEST=examTest -O -G 0 -mno-abicalls -fno-builtin -Wa,-xgot -Wall -fPIC -march=r3000 -I../include -c init.c
init.c: In function 'mips_init':
init.c:17: warning: implicit declaration of function 'examTest'
/OSLAB/compiler/usr/bin/mips_4KC-gcc -DFTEST=examTest -O -G 0 -mno-abicalls -fno-builtin -Wa,-xgot -Wall -fPIC -march=r3000 -I../include -c main.c
make[1]: Leaving directory '/usr/src/workdir/init'
make --directory=lib
make[1]: Entering directory '/usr/src/workdir/lib'
/OSLAB/compiler/usr/bin/mips_4KC-gcc -O -G 0 -mno-abicalls -fno-builtin -Wa,-xgot -Wall -fPIC -march=r3000 -I./ -I../ -I../include/ -c print.c
print.c:1: error: parse error before '.' token
In file included from ../include/print.h:15,
                 from print.c:12:
/OSLAB/compiler/usr/bin/../lib/gcc/mips-linux/4.0.0/include/stdarg.h:105: error: parse error before 'va_list'
In file included from print.c:12:
../include/print.h:34: error: parse error before 'va_list'
print.c:29: error: 'SIZE_C' undeclared here (not in a function)
print.c:38: error: parse error before 'va_list'
print.c: In function 'lp_Print':
print.c:75: error: 'fmt' undeclared (first use in this function)
print.c:75: error: (Each undeclared identifier is reported only once
print.c:75: error: for each function it appears in.)
print.c:84: error: 'output' undeclared (first use in this function)
print.c:84: error: 'arg' undeclared (first use in this function)
print.c:100: warning: value computed is not used
print.c:102: warning: value computed is not used
print.c:104: warning: left-hand operand of comma expression has no effect
print.c:104: warning: statement with no effect
print.c:109: warning: left-hand operand of comma expression has no effect
print.c:109: warning: statement with no effect
print.c:114: warning: value computed is not used
print.c:125: error: 'ap' undeclared (first use in this function)
make[1]: *** [Makefile:3: print.o] Error 1
make[1]: Leaving directory '/usr/src/workdir/lib'
make: *** [Makefile:38: lib] Error 2

End build at Thu Mar 31 14:19:40 CST 2022
[35m[ PASSED:0 ][0m
[35m[ TOTAL:34 ][0m
[31m[01m[ Sorry, you haven't passed all testcases of exam printf. ][0m
[33m[01m[ You got 0 (of 100) this time. Thu Mar 31 14:19:40 CST 2022 ][0m
Autotest: End at Thu Mar 31 14:19:40 CST 2022
