[33m[01m[05m[ You are changing the branch: lab1-2-Extra ][0m
Autotest: Begin at Thu Mar 31 15:52:11 CST 2022
[32m[ All files exists. ][0m
make: *** No rule to make target 'clean'.  Stop.
gcc -c my_driver.S -I../include/
my_driver.S: Assembler messages:
my_driver.S:5: Error: unknown pseudo-op: `.ent'
my_driver.S:5: Error: unknown pseudo-op: `.frame'
my_driver.S:8: Error: no such instruction: `li $18,0'
my_driver.S:9: Error: no such instruction: `li $19,0'
my_driver.S:10: Error: no such instruction: `li $20,0'
my_driver.S:11: Error: no such instruction: `li $21,0'
my_driver.S:14: Error: no such instruction: `lui $17,0xb000'
my_driver.S:15: Error: no such instruction: `lb $9,0x00($17)'
my_driver.S:16: Error: no such instruction: `beq ti,$0,loop_begin'
my_driver.S:19: Error: no such instruction: `sb $9,0x00($17)'
my_driver.S:21: Error: no such instruction: `li $10,81'
my_driver.S:22: Error: no such instruction: `beq $9,$10,calc_close'
my_driver.S:25: Error: no such instruction: `li $10,43'
my_driver.S:26: Error: no such instruction: `bne $9,$10,if_else_1'
my_driver.S:28: Error: no such instruction: `li $21,1'
my_driver.S:29: Error: no such instruction: `j if_end_1'
my_driver.S:33: Error: no such instruction: `li $10,45'
my_driver.S:34: Error: no such instruction: `bne $9,$10,if_else_2'
my_driver.S:36: Error: no such instruction: `li $21,-1'
my_driver.S:37: Error: no such instruction: `j if_end_2'
my_driver.S:41: Error: no such instruction: `li $10,68'
my_driver.S:42: Error: no such instruction: `bne $9,$10,if_else_3'
my_driver.S:44: Error: no such instruction: `li $20,1'
my_driver.S:45: Error: no such instruction: `j if_end_3'
my_driver.S:49: Error: no such instruction: `li $10,10'
my_driver.S:50: Error: no such instruction: `bne $9,$10,if_else_4'
my_driver.S:53: Error: no such instruction: `mult $19,$21'
my_driver.S:54: Error: no such instruction: `mflo $19'
my_driver.S:55: Error: at most 2 immediate operands are allowed
my_driver.S:58: Error: no such instruction: `beq $16,$0,while_1_end'
my_driver.S:60: Error: no such instruction: `li $11,10'
my_driver.S:61: Error: operand type mismatch for `div'
my_driver.S:62: Error: no such instruction: `mflo $16'
my_driver.S:63: Error: no such instruction: `mfhi $11'
my_driver.S:64: Error: no such instruction: `addi $11,$11,48'
my_driver.S:65: Error: no such instruction: `sb $11,0x00($17)'
my_driver.S:66: Error: no such instruction: `j while_1'
my_driver.S:70: Error: no such instruction: `li $11,10'
my_driver.S:71: Error: no such instruction: `sb $11,0x00($17)'
my_driver.S:72: Error: no such instruction: `j next_line'
my_driver.S:75: Error: no such instruction: `j if_end_4'
my_driver.S:79: Error: no such instruction: `bne $20,$0,second'
my_driver.S:81: Error: no such instruction: `li $11,10'
my_driver.S:82: Error: no such instruction: `mult $18,$11'
my_driver.S:83: Error: no such instruction: `mflo $18'
my_driver.S:84: Error: no such instruction: `addi $11,$9,-48'
my_driver.S:85: Error: at most 2 immediate operands are allowed
my_driver.S:87: Error: no such instruction: `j if_end_5'
my_driver.S:91: Error: no such instruction: `li $11,10'
my_driver.S:92: Error: no such instruction: `mult $19,$11'
my_driver.S:93: Error: no such instruction: `mflo $19'
my_driver.S:94: Error: no such instruction: `addi $11,$9,-48'
my_driver.S:95: Error: at most 2 immediate operands are allowed
my_driver.S:103: Error: no such instruction: `j loop_begin'
my_driver.S:107: Error: no such instruction: `j _my_exit'
make: *** [Makefile:2: all] Error 1
[31m[01m[ Compile my_cal and my_driver failed. Step 1 failed. Exit now. ][0m
[33m[01m[ You got 0 (of 100) this time. Thu Mar 31 15:52:14 CST 2022 ][0m
Autotest: End at Thu Mar 31 15:52:14 CST 2022
