[33m[01m[05m[ You are changing the branch: lab1-2-Extra ][0m
Autotest: Begin at Thu Mar 31 15:55:54 CST 2022
[32m[ All files exists. ][0m
make: *** No rule to make target 'clean'.  Stop.
gcc -c my_driver.S -I../include/
my_driver.S: Assembler messages:
my_driver.S:7: Error: unknown pseudo-op: `.ent'
my_driver.S:7: Error: unknown pseudo-op: `.frame'
my_driver.S:10: Error: no such instruction: `li $18,0'
my_driver.S:11: Error: no such instruction: `li $19,0'
my_driver.S:12: Error: no such instruction: `li $20,0'
my_driver.S:13: Error: no such instruction: `li $21,0'
my_driver.S:16: Error: no such instruction: `lui $17,0xb000'
my_driver.S:17: Error: no such instruction: `lb $9,0x00($17)'
my_driver.S:18: Error: no such instruction: `beq ti,$0,loop_begin'
my_driver.S:21: Error: no such instruction: `sb $9,0x00($17)'
my_driver.S:23: Error: no such instruction: `li $10,81'
my_driver.S:24: Error: no such instruction: `beq $9,$10,calc_close'
my_driver.S:27: Error: no such instruction: `li $10,43'
my_driver.S:28: Error: no such instruction: `bne $9,$10,if_else_1'
my_driver.S:30: Error: no such instruction: `li $21,1'
my_driver.S:31: Error: no such instruction: `j if_end_1'
my_driver.S:35: Error: no such instruction: `li $10,45'
my_driver.S:36: Error: no such instruction: `bne $9,$10,if_else_2'
my_driver.S:38: Error: no such instruction: `li $21,-1'
my_driver.S:39: Error: no such instruction: `j if_end_2'
my_driver.S:43: Error: no such instruction: `li $10,68'
my_driver.S:44: Error: no such instruction: `bne $9,$10,if_else_3'
my_driver.S:46: Error: no such instruction: `li $20,1'
my_driver.S:47: Error: no such instruction: `j if_end_3'
my_driver.S:51: Error: no such instruction: `li $10,10'
my_driver.S:52: Error: no such instruction: `bne $9,$10,if_else_4'
my_driver.S:55: Error: no such instruction: `mult $19,$21'
my_driver.S:56: Error: no such instruction: `mflo $19'
my_driver.S:57: Error: at most 2 immediate operands are allowed
my_driver.S:60: Error: no such instruction: `beq $16,$0,while_1_end'
my_driver.S:62: Error: no such instruction: `li $11,10'
my_driver.S:63: Error: operand type mismatch for `div'
my_driver.S:64: Error: no such instruction: `mflo $16'
my_driver.S:65: Error: no such instruction: `mfhi $11'
my_driver.S:66: Error: no such instruction: `addi $11,$11,48'
my_driver.S:67: Error: no such instruction: `sb $11,0x00($17)'
my_driver.S:68: Error: no such instruction: `j while_1'
my_driver.S:72: Error: no such instruction: `li $11,10'
my_driver.S:73: Error: no such instruction: `sb $11,0x00($17)'
my_driver.S:74: Error: no such instruction: `j next_line'
my_driver.S:77: Error: no such instruction: `j if_end_4'
my_driver.S:81: Error: no such instruction: `bne $20,$0,second'
my_driver.S:83: Error: no such instruction: `li $11,10'
my_driver.S:84: Error: no such instruction: `mult $18,$11'
my_driver.S:85: Error: no such instruction: `mflo $18'
my_driver.S:86: Error: no such instruction: `addi $11,$9,-48'
my_driver.S:87: Error: at most 2 immediate operands are allowed
my_driver.S:89: Error: no such instruction: `j if_end_5'
my_driver.S:93: Error: no such instruction: `li $11,10'
my_driver.S:94: Error: no such instruction: `mult $19,$11'
my_driver.S:95: Error: no such instruction: `mflo $19'
my_driver.S:96: Error: no such instruction: `addi $11,$9,-48'
my_driver.S:97: Error: at most 2 immediate operands are allowed
my_driver.S:105: Error: no such instruction: `j loop_begin'
my_driver.S:109: Error: no such instruction: `j _my_exit'
make: *** [Makefile:2: all] Error 1
[31m[01m[ Compile my_cal and my_driver failed. Step 1 failed. Exit now. ][0m
[33m[01m[ You got 0 (of 100) this time. Thu Mar 31 15:55:56 CST 2022 ][0m
Autotest: End at Thu Mar 31 15:55:56 CST 2022
