[33m[01m[05m[ You are changing the branch: lab3-strong ][0m
Autotest: Begin at Wed Jun 15 22:15:56 CST 2022
[33m[01m[ lab3 strong test begin. ][0m
Begin build at Wed Jun 15 22:15:56 CST 2022
Cleanning the project.................

for d in boot drivers init lib mm;	\
	do					\
		make --directory=$d clean; \
	done; \
rm -rf *.o *~ gxemul/vmlinux
make[1]: Entering directory '/usr/src/workdir/boot'
rm -rf *~ *.o
make[1]: Leaving directory '/usr/src/workdir/boot'
make[1]: Entering directory '/usr/src/workdir/drivers'
for d in gxconsole; \
	do				\
		make --directory=$d clean; \
	done
make[2]: Entering directory '/usr/src/workdir/drivers/gxconsole'
rm -rf *.o *~
make[2]: Leaving directory '/usr/src/workdir/drivers/gxconsole'
make[1]: Leaving directory '/usr/src/workdir/drivers'
make[1]: Entering directory '/usr/src/workdir/init'
rm -rf *~ *.o
make[1]: Leaving directory '/usr/src/workdir/init'
make[1]: Entering directory '/usr/src/workdir/lib'
rm -rf *~ *.o
make[1]: Leaving directory '/usr/src/workdir/lib'
make[1]: Entering directory '/usr/src/workdir/mm'
rm -rf *~ *.o
make[1]: Leaving directory '/usr/src/workdir/mm'

Building the project..................

make --directory=boot
make[1]: Entering directory '/usr/src/workdir/boot'
/OSLAB/compiler/usr/bin/mips_4KC-gcc -O -G 0 -mno-abicalls -fno-builtin -Wa,-xgot -Wall -fPIC -mips2 -I../include/ -c start.S 
make[1]: Leaving directory '/usr/src/workdir/boot'
make --directory=drivers
make[1]: Entering directory '/usr/src/workdir/drivers'
make --directory=gxconsole
make[2]: Entering directory '/usr/src/workdir/drivers/gxconsole'
/OSLAB/compiler/usr/bin/mips_4KC-gcc -O -G 0 -mno-abicalls -fno-builtin -Wa,-xgot -Wall -fPIC -mips2   -c -o console.o console.c
make[2]: Leaving directory '/usr/src/workdir/drivers/gxconsole'
make[1]: Leaving directory '/usr/src/workdir/drivers'
make --directory=init
make[1]: Entering directory '/usr/src/workdir/init'
/OSLAB/compiler/usr/bin/mips_4KC-gcc -O -G 0 -mno-abicalls -fno-builtin -Wa,-xgot -Wall -fPIC -mips2 -I../include -c init.c
init.c: In function 'mips_init':
init.c:17: warning: implicit declaration of function 'env_check'
init.c:18: warning: implicit declaration of function 'load_icode_check'
/OSLAB/compiler/usr/bin/mips_4KC-gcc -O -G 0 -mno-abicalls -fno-builtin -Wa,-xgot -Wall -fPIC -mips2 -I../include -c main.c
/OSLAB/compiler/usr/bin/mips_4KC-gcc -O -G 0 -mno-abicalls -fno-builtin -Wa,-xgot -Wall -fPIC -mips2 -I../include -c code_a.c
/OSLAB/compiler/usr/bin/mips_4KC-gcc -O -G 0 -mno-abicalls -fno-builtin -Wa,-xgot -Wall -fPIC -mips2 -I../include -c code_b.c
/OSLAB/compiler/usr/bin/mips_4KC-gcc -O -G 0 -mno-abicalls -fno-builtin -Wa,-xgot -Wall -fPIC -mips2 -I../include -c check_icode.c
/OSLAB/compiler/usr/bin/mips_4KC-gcc -O -G 0 -mno-abicalls -fno-builtin -Wa,-xgot -Wall -fPIC -mips2 -I../include -c strong_test.c
make[1]: Leaving directory '/usr/src/workdir/init'
make --directory=lib
make[1]: Entering directory '/usr/src/workdir/lib'
/OSLAB/compiler/usr/bin/mips_4KC-gcc -O -G 0 -mno-abicalls -fno-builtin -Wa,-xgot -Wall -fPIC -mips2 -I./ -I../ -I../include/ -c kernel_elfloader.c
kernel_elfloader.c: In function 'load_elf':
kernel_elfloader.c:76: warning: suggest parentheses around assignment used as truth value
/OSLAB/compiler/usr/bin/mips_4KC-gcc -O -G 0 -mno-abicalls -fno-builtin -Wa,-xgot -Wall -fPIC -mips2 -I./ -I../ -I../include/ -c env.c
env.c: In function 'env_alloc':
env.c:219: warning: unused variable 'r'
env.c: In function 'load_icode_mapper':
env.c:280: warning: passing argument 2 of 'bcopy' makes pointer from integer without a cast
env.c:293: warning: passing argument 2 of 'bcopy' makes pointer from integer without a cast
env.c: In function 'env_run':
env.c:493: warning: passing argument 1 of 'lcontext' makes integer from pointer without a cast
env.c: In function 'load_icode_check':
env.c:588: warning: unused variable 'paddr'
env.c:632:2: warning: no newline at end of file
/OSLAB/compiler/usr/bin/mips_4KC-gcc -O -G 0 -mno-abicalls -fno-builtin -Wa,-xgot -Wall -fPIC -mips2 -I./ -I../ -I../include/ -c print.c
/OSLAB/compiler/usr/bin/mips_4KC-gcc -O -G 0 -mno-abicalls -fno-builtin -Wa,-xgot -Wall -fPIC -mips2 -I./ -I../ -I../include/ -c printf.c
/OSLAB/compiler/usr/bin/mips_4KC-gcc -O -G 0 -mno-abicalls -fno-builtin -Wa,-xgot -Wall -fPIC -mips2 -I./ -I../ -I../include/ -c sched.c
/OSLAB/compiler/usr/bin/mips_4KC-gcc -O -G 0 -mno-abicalls -fno-builtin -Wa,-xgot -Wall -fPIC -mips2 -I./ -I../ -I../include/ -c env_asm.S
env_asm.S: Assembler messages:
env_asm.S:62: Warning: Used $at without ".set noat"
/OSLAB/compiler/usr/bin/mips_4KC-gcc -O -G 0 -mno-abicalls -fno-builtin -Wa,-xgot -Wall -fPIC -mips2 -I./ -I../ -I../include/ -c kclock.c
/OSLAB/compiler/usr/bin/mips_4KC-gcc -O -G 0 -mno-abicalls -fno-builtin -Wa,-xgot -Wall -fPIC -mips2 -I./ -I../ -I../include/ -c traps.c
traps.c: In function 'page_fault_handler':
traps.c:63: warning: passing argument 2 of 'bcopy' makes pointer from integer without a cast
traps.c:69: warning: passing argument 2 of 'bcopy' makes pointer from integer without a cast
traps.c:53: warning: unused variable 'd'
traps.c:53: warning: unused variable 'tos'
traps.c:52: warning: unused variable 'va'
/OSLAB/compiler/usr/bin/mips_4KC-gcc -O -G 0 -mno-abicalls -fno-builtin -Wa,-xgot -Wall -fPIC -mips2 -I./ -I../ -I../include/ -c genex.S
/OSLAB/compiler/usr/bin/mips_4KC-gcc -O -G 0 -mno-abicalls -fno-builtin -Wa,-xgot -Wall -fPIC -mips2 -I./ -I../ -I../include/ -c kclock_asm.S
/OSLAB/compiler/usr/bin/mips_4KC-gcc -O -G 0 -mno-abicalls -fno-builtin -Wa,-xgot -Wall -fPIC -mips2 -I./ -I../ -I../include/ -c syscall.S
syscall.S: Assembler messages:
syscall.S:10: Warning: Used $at without ".set noat"
/OSLAB/compiler/usr/bin/mips_4KC-gcc -O -G 0 -mno-abicalls -fno-builtin -Wa,-xgot -Wall -fPIC -mips2 -I./ -I../ -I../include/ -c syscall_all.c
syscall_all.c: In function 'sys_putchar':
syscall_all.c:13: warning: implicit declaration of function 'printcharc'
/OSLAB/compiler/usr/bin/mips_4KC-gcc -O -G 0 -mno-abicalls -fno-builtin -Wa,-xgot -Wall -fPIC -mips2 -I./ -I../ -I../include/ -c getc.S
make[1]: Leaving directory '/usr/src/workdir/lib'
make --directory=mm
make[1]: Entering directory '/usr/src/workdir/mm'
/OSLAB/compiler/usr/bin/mips_4KC-gcc -O -G 0 -mno-abicalls -fno-builtin -Wa,-xgot -Wall -fPIC -mips2 -I./ -I../ -I../include/ -c pmap.c
pmap.c: In function 'page_alloc':
pmap.c:229: warning: passing argument 1 of 'bzero' makes pointer from integer without a cast
/OSLAB/compiler/usr/bin/mips_4KC-gcc -O -G 0 -mno-abicalls -fno-builtin -Wa,-xgot -Wall -fPIC -mips2 -I./ -I../ -I../include/ -c tlb_asm.S
make[1]: Leaving directory '/usr/src/workdir/mm'
/OSLAB/compiler/usr/bin/mips_4KC-ld -o gxemul/vmlinux -N -T tools/scse0_3.lds boot/start.o init/*.o drivers/gxconsole/console.o lib/*.o mm/*.o    

End build at Wed Jun 15 22:16:24 CST 2022
[35m[ PASSED:14 ][0m
[35m[ TOTAL:14 ][0m
[33m[01m[ You got 100 (of 100) this time. Wed Jun 15 22:16:26 CST 2022 ][0m
Autotest: End at Wed Jun 15 22:16:26 CST 2022
