[33m[01m[05m[ You are changing the branch: lab0 ][0m
Autotest: Begin at Thu Mar 10 21:29:29 CST 2022
[33m[01m[ (1)Start to test exercise0.1(4) ][0m
[32m[ You have passed exercise0.1(4) ][0m
[33m[01m[ (2)Start to test exercise0.1(3) ][0m
#include <stdio.h>
int main(){
	printf("Hello OS Lab0!\n");
	return 0;
}
[31m[01m[ You have not passed bash exercise0.1(3) 1/2 ][0m
#include <stdio.h>
int main(){
	printf("This is Bash_Test_2!\n");
	return 0;
}
[31m[01m[ You have not passed bash exercise0.1(3) 2/2 ][0m
[33m[01m[ (3)Start to test exercise0.1(2) ][0m
gcc palindrome.c -o palindrome
[32m[ palindrome found. You have passed exercise0.1(2). ][0m
[33m[01m[ (4)Start to test exercise0.1(1) ][0m
[32m[ You have passed palindrome exercise0.1(1) 1/3 ][0m
[32m[ You have passed palindrome exercise0.1(1) 2/3 ][0m
[32m[ You have passed palindrome exercise0.1(1) 3/3 ][0m
[33m[01m[ (5)Start to test exercise0.2 ][0m
changefile.sh: line 8: syntax error near unexpected token `elif'
changefile.sh: line 8: `	elif [ $a -gt 40 ]         # else if loop variable is great than 40   '
[32m[ File1~40 all exist.You have passed bash exercise0.2 1/3 ][0m
[31m[01m[ Newfile doesn't exist.You have not passed bash exercise0.2 2/3 ][0m
[31m[01m[ File doesn't remove.You have not passed bash exercise0.2 3/3 ][0m
[33m[01m[ (6)Start to test exercise0.3 ][0m
diff: /home/git/ostest/target/19241027/lab0-2022-03-10T21:29:29+08:00-z1IDS/ray/sh_test2/result_1: No such file or directory
[31m[01m[ You have not passed bash exercise0.3 1/2 ][0m
diff: /home/git/ostest/target/19241027/lab0-2022-03-10T21:29:29+08:00-z1IDS/ray/sh_test2/result_2: No such file or directory
[31m[01m[ You have not passed bash exercise0.3 2/2 ][0m
[33m[01m[ (7)Start to test exercise0.4(1) ][0m
[31m[01m[ You have not passed bash exercise0.4(1) 1/2 ][0m
[31m[01m[ You have not passed bash exercise0.4(1) 2/2 ][0m
[33m[01m[ (8)Start to test exercise0.4(2) ][0m
[32m[ Makefile found. ][0m
make: *** No targets.  Stop.
[31m[01m[ cannot find your fibo ][0m
[33m[01m[ You got 43 (of 100) this time. Thu Mar 10 21:29:44 CST 2022 ][0m
Autotest: End at Thu Mar 10 21:29:44 CST 2022
